build/app/outputs/mapping/release/seeds.txt
androidx.window.layout.SidecarCompat$TranslatingCallback: androidx.window.layout.SidecarCompat this$0
androidx.window.R$styleable: int ActivityFilter_activityAction
com.google.firestore.v1.StructuredQuery: int START_AT_FIELD_NUMBER
com.google.android.gms.common.internal.MethodInvocation: android.os.Parcelable$Creator CREATOR
com.google.firestore.v1.Target: int READ_TIME_FIELD_NUMBER
com.google.firestore.v1.DocumentTransform$FieldTransform: com.google.firestore.v1.DocumentTransform$FieldTransform DEFAULT_INSTANCE
androidx.window.embedding.ExtensionEmbeddingBackend: java.util.concurrent.CopyOnWriteArraySet splitRules
com.google.firestore.v1.StructuredAggregationQuery: int STRUCTURED_QUERY_FIELD_NUMBER
com.google.firestore.v1.DocumentChange: int targetIdsMemoizedSerializedSize
com.google.firestore.v1.StructuredQuery$Projection: com.google.protobuf.Parser PARSER
kotlinx.coroutines.scheduling.CoroutineScheduler: long parkedWorkersStack
kotlinx.coroutines.scheduling.CoroutineScheduler: long controlState
androidx.window.layout.DisplayCompatHelperApi17: androidx.window.layout.DisplayCompatHelperApi17 INSTANCE
kotlin.jvm.internal.FunctionReference: int arity
com.google.firestore.v1.Value: int REFERENCE_VALUE_FIELD_NUMBER
io.flutter.embedding.engine.renderer.SurfaceTextureWrapper: android.graphics.SurfaceTexture surfaceTexture
com.google.android.gms.common.ConnectionResult: android.os.Parcelable$Creator CREATOR
com.google.firestore.v1.WriteResult: com.google.protobuf.Internal$ProtobufList transformResults_
androidx.window.embedding.ExtensionEmbeddingBackend: androidx.window.embedding.ExtensionEmbeddingBackend globalInstance
com.google.firebase.firestore.proto.Target: int SNAPSHOT_VERSION_FIELD_NUMBER
com.google.firestore.v1.StructuredQuery$Filter: int filterTypeCase_
com.google.firestore.admin.v1.Index: int state_
io.grpc.util.RoundRobinLoadBalancer$ReadyPicker: int index
com.google.firestore.v1.ListenResponse: com.google.protobuf.Parser PARSER
androidx.window.layout.SidecarWindowBackend$WindowLayoutChangeCallbackWrapper: androidx.core.util.Consumer callback
com.google.firestore.v1.Cursor: int VALUES_FIELD_NUMBER
com.google.firestore.v1.WriteRequest: int LABELS_FIELD_NUMBER
androidx.window.core.Version: androidx.window.core.Version$Companion Companion
com.google.firestore.v1.DocumentTransform$FieldTransform: int transformTypeCase_
com.google.rpc.Status: com.google.rpc.Status DEFAULT_INSTANCE
androidx.window.embedding.EmbeddingCompat: androidx.window.embedding.EmbeddingAdapter adapter
com.google.firestore.v1.StructuredQuery$CollectionSelector: int COLLECTION_ID_FIELD_NUMBER
com.google.firestore.admin.v1.Index$IndexField: int valueModeCase_
androidx.window.layout.WindowMetricsCalculator$Companion: androidx.window.layout.WindowMetricsCalculator$Companion $$INSTANCE
io.flutter.embedding.engine.FlutterJNI: boolean initCalled
com.google.firestore.admin.v1.Index$IndexField: java.lang.Object valueMode_
com.google.firestore.v1.Write: int CURRENT_DOCUMENT_FIELD_NUMBER
com.google.firestore.v1.ListenRequest: int LABELS_FIELD_NUMBER
com.google.protobuf.Any: int TYPE_URL_FIELD_NUMBER
com.google.firestore.v1.StructuredQuery$CollectionSelector: com.google.protobuf.Parser PARSER
io.flutter.embedding.engine.FlutterJNI: java.util.Set engineLifecycleListeners
com.google.type.LatLng: double latitude_
io.flutter.embedding.engine.FlutterJNI: android.os.Looper mainLooper
com.google.firestore.v1.ExistenceFilter: com.google.protobuf.Parser PARSER
com.google.firestore.v1.WriteRequest: com.google.protobuf.MapFieldLite labels_
com.google.firebase.firestore.proto.MaybeDocument: boolean hasCommittedMutations_
com.google.firestore.v1.DocumentRemove: com.google.firestore.v1.DocumentRemove DEFAULT_INSTANCE
io.flutter.view.AccessibilityViewEmbedder: java.lang.String TAG
androidx.window.embedding.EmbeddingTranslatingCallback: androidx.window.embedding.EmbeddingInterfaceCompat$EmbeddingCallbackInterface callback
androidx.window.R$attr: int secondaryActivityAction