build/app/outputs/mapping/release/mapping.txt
# compiler: R8
# compiler_version: 3.1.66
# min_api: 21
# pg_map_id: 6e74f0f
# common_typos_disable
# {"id":"com.android.tools.r8.mapping","version":"1.0"}
...
io.grpc.internal.CompositeReadableBuffer -> io.grpc.internal.u:
    io.grpc.internal.CompositeReadableBuffer$NoThrowReadOperation BYTE_ARRAY_OP -> k
    io.grpc.internal.CompositeReadableBuffer$NoThrowReadOperation BYTE_BUF_OP -> l
    io.grpc.internal.CompositeReadableBuffer$ReadOperation STREAM_OP -> m
    java.util.Deque rewindableBuffers -> f
    java.util.Deque readableBuffers -> e
    int readableBytes -> g
    boolean marked -> h
    io.grpc.internal.CompositeReadableBuffer$NoThrowReadOperation UBYTE_OP -> i
    io.grpc.internal.CompositeReadableBuffer$NoThrowReadOperation SKIP_OP -> j
    io.grpc.internal.ReadableBuffer readBytes(int) -> A
    int readUnsignedByte() -> I
    void readBytes(java.nio.ByteBuffer) -> L
    void readBytes(byte[],int,int) -> W
    int readableBytes() -> b
    void addBuffer(io.grpc.internal.ReadableBuffer) -> c
    void advanceBuffer() -> f
    void skipBytes(int) -> i
    void advanceBufferIfNecessary() -> j
    void enqueueBuffer(io.grpc.internal.ReadableBuffer) -> k
    void readBytes(java.io.OutputStream,int) -> l
    int execute(io.grpc.internal.CompositeReadableBuffer$ReadOperation,int,java.lang.Object,int) -> m
    void mark() -> o
    int executeNoThrow(io.grpc.internal.CompositeReadableBuffer$NoThrowReadOperation,int,java.lang.Object,int) -> r
io.grpc.internal.CompositeReadableBuffer$1 -> io.grpc.internal.u$a:
    int read(io.grpc.internal.ReadableBuffer,int,java.lang.Object,int) -> a
    int read(io.grpc.internal.ReadableBuffer,int,java.lang.Void,int) -> b
io.grpc.internal.CompositeReadableBuffer$2 -> io.grpc.internal.u$b:
    int read(io.grpc.internal.ReadableBuffer,int,java.lang.Object,int) -> a
    int read(io.grpc.internal.ReadableBuffer,int,java.lang.Void,int) -> b
io.grpc.internal.CompositeReadableBuffer$3 -> io.grpc.internal.u$c:
    int read(io.grpc.internal.ReadableBuffer,int,java.lang.Object,int) -> a
    int read(io.grpc.internal.ReadableBuffer,int,byte[],int) -> b
io.grpc.internal.CompositeReadableBuffer$4 -> io.grpc.internal.u$d:
    int read(io.grpc.internal.ReadableBuffer,int,java.lang.Object,int) -> a
    int read(io.grpc.internal.ReadableBuffer,int,java.nio.ByteBuffer,int) -> b
io.grpc.internal.CompositeReadableBuffer$5 -> io.grpc.internal.u$e:
    int read(io.grpc.internal.ReadableBuffer,int,java.lang.Object,int) -> a
    int read(io.grpc.internal.ReadableBuffer,int,java.io.OutputStream,int) -> b
io.grpc.internal.CompositeReadableBuffer$NoThrowReadOperation -> io.grpc.internal.u$f:
io.grpc.internal.CompositeReadableBuffer$ReadOperation -> io.grpc.internal.u$g:
    int read(io.grpc.internal.ReadableBuffer,int,java.lang.Object,int) -> a
io.grpc.internal.ConnectionClientTransport -> io.grpc.internal.v:
io.grpc.internal.ConnectivityStateManager -> io.grpc.internal.w:
    io.grpc.ConnectivityState state -> b
    java.util.ArrayList listeners -> a
    io.grpc.ConnectivityState getState() -> a
    void gotoState(io.grpc.ConnectivityState) -> b
    void notifyWhenStateChanged(java.lang.Runnable,java.util.concurrent.Executor,io.grpc.ConnectivityState) -> c
io.grpc.internal.ConnectivityStateManager$Listener -> io.grpc.internal.w$a:
    java.util.concurrent.Executor executor -> b
    java.lang.Runnable callback -> a
    void runInExecutor() -> a
io.grpc.internal.ContextRunnable -> io.grpc.internal.x:
    io.grpc.Context context -> e
    void runInContext() -> a
io.grpc.internal.Deframer -> io.grpc.internal.y:
    void request(int) -> c
    void setMaxInboundMessageSize(int) -> f
    void closeWhenComplete() -> j
    void deframe(io.grpc.internal.ReadableBuffer) -> k
    void setDecompressor(io.grpc.Decompressor) -> m